# JRE version: 7.0_08-b04
# Java VM: Java HotSpot(TM) 64-Bit Server VM (23.4-b01 mixed mode bsd-amd64 compressed oops)
Heap
 def new generation   total 18112K, used 14877K [0x000000010ae40000, 0x000000010c1e0000, 0x0000000112190000)
  eden space 16128K,  92% used [0x000000010ae40000, 0x000000010bcc61d0, 0x000000010be00000)
  from space 1984K,   0% used [0x000000010be00000, 0x000000010be01538, 0x000000010bff0000)
  to   space 1984K,   0% used [0x000000010bff0000, 0x000000010bff0000, 0x000000010c1e0000)
 tenured generation   total 59960K, used 44179K [0x0000000112190000, 0x0000000115c1e000, 0x0000000120840000)
   the space 59960K,  73% used [0x0000000112190000, 0x0000000114cb4dd8, 0x0000000114cb4e00, 0x0000000115c1e000)
 compacting perm gen  total 21248K, used 8243K [0x0000000120840000, 0x0000000121d00000, 0x0000000125a40000)
   the space 21248K,  38% used [0x0000000120840000, 0x000000012104cda8, 0x000000012104ce00, 0x0000000121d00000)
GC Heap History (10 events):
Event: 78.497 GC heap before
{Heap before GC invocations=606 (full 2):
 def new generation   total 18112K, used 16132K [0x000000010ae40000, 0x000000010c1e0000, 0x0000000112190000)
  eden space 16128K, 100% used [0x000000010ae40000, 0x000000010be00000, 0x000000010be00000)
  from space 1984K,   0% used [0x000000010bff0000, 0x000000010bff11e8, 0x000000010c1e0000)
  to   space 1984K,   0% used [0x000000010be00000, 0x000000010be00000, 0x000000010bff0000)
 tenured generation   total 59960K, used 44179K [0x0000000112190000, 0x0000000115c1e000, 0x0000000120840000)
   the space 59960K,  73% used [0x0000000112190000, 0x0000000114cb4dd8, 0x0000000114cb4e00, 0x0000000115c1e000)
 compacting perm gen  total 21248K, used 8238K [0x0000000120840000, 0x0000000121d00000, 0x0000000125a40000)
   the space 21248K,  38% used [0x0000000120840000, 0x000000012104b840, 0x000000012104ba00, 0x0000000121d00000)
No shared spaces configured.
Event: 78.497 GC heap after
Heap after GC invocations=607 (full 2):
 def new generation   total 18112K, used 4K [0x000000010ae40000, 0x000000010c1e0000, 0x0000000112190000)
  eden space 16128K,   0% used [0x000000010ae40000, 0x000000010ae40000, 0x000000010be00000)
  from space 1984K,   0% used [0x000000010be00000, 0x000000010be011e8, 0x000000010bff0000)
  to   space 1984K,   0% used [0x000000010bff0000, 0x000000010bff0000, 0x000000010c1e0000)
 tenured generation   total 59960K, used 44179K [0x0000000112190000, 0x0000000115c1e000, 0x0000000120840000)
   the space 59960K,  73% used [0x0000000112190000, 0x0000000114cb4dd8, 0x0000000114cb4e00, 0x0000000115c1e000)
 compacting perm gen  total 21248K, used 8238K [0x0000000120840000, 0x0000000121d00000, 0x0000000125a40000)
   the space 21248K,  38% used [0x0000000120840000, 0x000000012104b840, 0x000000012104ba00, 0x0000000121d00000)
No shared spaces configured.
}
Event: 78.626 GC heap before
{Heap before GC invocations=607 (full 2):
 def new generation   total 18112K, used 16132K [0x000000010ae40000, 0x000000010c1e0000, 0x0000000112190000)
  eden space 16128K, 100% used [0x000000010ae40000, 0x000000010be00000, 0x000000010be00000)
  from space 1984K,   0% used [0x000000010be00000, 0x000000010be011e8, 0x000000010bff0000)
  to   space 1984K,   0% used [0x000000010bff0000, 0x000000010bff0000, 0x000000010c1e0000)
 tenured generation   total 59960K, used 44179K [0x0000000112190000, 0x0000000115c1e000, 0x0000000120840000)
   the space 59960K,  73% used [0x0000000112190000, 0x0000000114cb4dd8, 0x0000000114cb4e00, 0x0000000115c1e000)
 compacting perm gen  total 21248K, used 8238K [0x0000000120840000, 0x0000000121d00000, 0x0000000125a40000)
   the space 21248K,  38% used [0x0000000120840000, 0x000000012104b840, 0x000000012104ba00, 0x0000000121d00000)
No shared spaces configured.
Event: 78.627 GC heap after
Heap after GC invocations=608 (full 2):
 def new generation   total 18112K, used 5K [0x000000010ae40000, 0x000000010c1e0000, 0x0000000112190000)
  eden space 16128K,   0% used [0x000000010ae40000, 0x000000010ae40000, 0x000000010be00000)
  from space 1984K,   0% used [0x000000010bff0000, 0x000000010bff1408, 0x000000010c1e0000)
  to   space 1984K,   0% used [0x000000010be00000, 0x000000010be00000, 0x000000010bff0000)
 tenured generation   total 59960K, used 44179K [0x0000000112190000, 0x0000000115c1e000, 0x0000000120840000)
   the space 59960K,  73% used [0x0000000112190000, 0x0000000114cb4dd8, 0x0000000114cb4e00, 0x0000000115c1e000)
 compacting perm gen  total 21248K, used 8238K [0x0000000120840000, 0x0000000121d00000, 0x0000000125a40000)
   the space 21248K,  38% used [0x0000000120840000, 0x000000012104b840, 0x000000012104ba00, 0x0000000121d00000)
No shared spaces configured.
}
Event: 78.743 GC heap before
{Heap before GC invocations=608 (full 2):
 def new generation   total 18112K, used 16133K [0x000000010ae40000, 0x000000010c1e0000, 0x0000000112190000)
  eden space 16128K, 100% used [0x000000010ae40000, 0x000000010be00000, 0x000000010be00000)
  from space 1984K,   0% used [0x000000010bff0000, 0x000000010bff1408, 0x000000010c1e0000)
  to   space 1984K,   0% used [0x000000010be00000, 0x000000010be00000, 0x000000010bff0000)
 tenured generation   total 59960K, used 44179K [0x0000000112190000, 0x0000000115c1e000, 0x0000000120840000)
   the space 59960K,  73% used [0x0000000112190000, 0x0000000114cb4dd8, 0x0000000114cb4e00, 0x0000000115c1e000)
 compacting perm gen  total 21248K, used 8238K [0x0000000120840000, 0x0000000121d00000, 0x0000000125a40000)
   the space 21248K,  38% used [0x0000000120840000, 0x000000012104b840, 0x000000012104ba00, 0x0000000121d00000)
No shared spaces configured.
Event: 78.744 GC heap after
Heap after GC invocations=609 (full 2):
 def new generation   total 18112K, used 4K [0x000000010ae40000, 0x000000010c1e0000, 0x0000000112190000)
  eden space 16128K,   0% used [0x000000010ae40000, 0x000000010ae40000, 0x000000010be00000)
  from space 1984K,   0% used [0x000000010be00000, 0x000000010be01270, 0x000000010bff0000)
  to   space 1984K,   0% used [0x000000010bff0000, 0x000000010bff0000, 0x000000010c1e0000)
 tenured generation   total 59960K, used 44179K [0x0000000112190000, 0x0000000115c1e000, 0x0000000120840000)
   the space 59960K,  73% used [0x0000000112190000, 0x0000000114cb4dd8, 0x0000000114cb4e00, 0x0000000115c1e000)
 compacting perm gen  total 21248K, used 8238K [0x0000000120840000, 0x0000000121d00000, 0x0000000125a40000)
   the space 21248K,  38% used [0x0000000120840000, 0x000000012104b840, 0x000000012104ba00, 0x0000000121d00000)
No shared spaces configured.
}
Event: 78.862 GC heap before
{Heap before GC invocations=609 (full 2):
 def new generation   total 18112K, used 16132K [0x000000010ae40000, 0x000000010c1e0000, 0x0000000112190000)
  eden space 16128K, 100% used [0x000000010ae40000, 0x000000010be00000, 0x000000010be00000)
  from space 1984K,   0% used [0x000000010be00000, 0x000000010be01270, 0x000000010bff0000)
  to   space 1984K,   0% used [0x000000010bff0000, 0x000000010bff0000, 0x000000010c1e0000)
 tenured generation   total 59960K, used 44179K [0x0000000112190000, 0x0000000115c1e000, 0x0000000120840000)
   the space 59960K,  73% used [0x0000000112190000, 0x0000000114cb4dd8, 0x0000000114cb4e00, 0x0000000115c1e000)
 compacting perm gen  total 21248K, used 8238K [0x0000000120840000, 0x0000000121d00000, 0x0000000125a40000)
   the space 21248K,  38% used [0x0000000120840000, 0x000000012104b840, 0x000000012104ba00, 0x0000000121d00000)
No shared spaces configured.
Event: 78.863 GC heap after
Heap after GC invocations=610 (full 2):
 def new generation   total 18112K, used 4K [0x000000010ae40000, 0x000000010c1e0000, 0x0000000112190000)
  eden space 16128K,   0% used [0x000000010ae40000, 0x000000010ae40000, 0x000000010be00000)
  from space 1984K,   0% used [0x000000010bff0000, 0x000000010bff1358, 0x000000010c1e0000)
  to   space 1984K,   0% used [0x000000010be00000, 0x000000010be00000, 0x000000010bff0000)
 tenured generation   total 59960K, used 44179K [0x0000000112190000, 0x0000000115c1e000, 0x0000000120840000)
   the space 59960K,  73% used [0x0000000112190000, 0x0000000114cb4dd8, 0x0000000114cb4e00, 0x0000000115c1e000)
 compacting perm gen  total 21248K, used 8238K [0x0000000120840000, 0x0000000121d00000, 0x0000000125a40000)
   the space 21248K,  38% used [0x0000000120840000, 0x000000012104b840, 0x000000012104ba00, 0x0000000121d00000)
No shared spaces configured.
}
Event: 78.991 GC heap before
{Heap before GC invocations=610 (full 2):
 def new generation   total 18112K, used 16132K [0x000000010ae40000, 0x000000010c1e0000, 0x0000000112190000)
  eden space 16128K, 100% used [0x000000010ae40000, 0x000000010be00000, 0x000000010be00000)
  from space 1984K,   0% used [0x000000010bff0000, 0x000000010bff1358, 0x000000010c1e0000)
  to   space 1984K,   0% used [0x000000010be00000, 0x000000010be00000, 0x000000010bff0000)
 tenured generation   total 59960K, used 44179K [0x0000000112190000, 0x0000000115c1e000, 0x0000000120840000)
   the space 59960K,  73% used [0x0000000112190000, 0x0000000114cb4dd8, 0x0000000114cb4e00, 0x0000000115c1e000)
 compacting perm gen  total 21248K, used 8238K [0x0000000120840000, 0x0000000121d00000, 0x0000000125a40000)
   the space 21248K,  38% used [0x0000000120840000, 0x000000012104b840, 0x000000012104ba00, 0x0000000121d00000)
No shared spaces configured.
Event: 78.992 GC heap after
Heap after GC invocations=611 (full 2):
 def new generation   total 18112K, used 5K [0x000000010ae40000, 0x000000010c1e0000, 0x0000000112190000)
  eden space 16128K,   0% used [0x000000010ae40000, 0x000000010ae40000, 0x000000010be00000)
  from space 1984K,   0% used [0x000000010be00000, 0x000000010be01538, 0x000000010bff0000)
  to   space 1984K,   0% used [0x000000010bff0000, 0x000000010bff0000, 0x000000010c1e0000)
 tenured generation   total 59960K, used 44179K [0x0000000112190000, 0x0000000115c1e000, 0x0000000120840000)
   the space 59960K,  73% used [0x0000000112190000, 0x0000000114cb4dd8, 0x0000000114cb4e00, 0x0000000115c1e000)
 compacting perm gen  total 21248K, used 8238K [0x0000000120840000, 0x0000000121d00000, 0x0000000125a40000)
   the space 21248K,  38% used [0x0000000120840000, 0x000000012104b840, 0x000000012104ba00, 0x0000000121d00000)
No shared spaces configured.
}

